<?xml version="1.0" encoding="UTF-8"?>
<testng-results skipped="1" failed="0" ignored="0" total="1" passed="0">
  <reporter-output>
  </reporter-output>
  <suite name="Default suite" duration-ms="2186" started-at="2021-02-19T01:45:21Z" finished-at="2021-02-19T01:45:24Z">
    <groups>
    </groups>
    <test name="Default test" duration-ms="2186" started-at="2021-02-19T01:45:21Z" finished-at="2021-02-19T01:45:24Z">
      <class name="CricInfo.CricInfo.HomePageTest">
        <test-method status="FAIL" signature="setup()[pri:0, instance:CricInfo.CricInfo.HomePageTest@20e2cbe0]" name="setup" is-config="true" duration-ms="2117" started-at="2021-02-18T19:45:21Z" finished-at="2021-02-18T19:45:23Z">
          <exception class="org.openqa.selenium.WebDriverException">
            <message>
              <![CDATA[unknown error: cannot find Chrome binary
Build info: version: '3.14.0', revision: 'aacccce0', time: '2018-08-02T20:19:58.91Z'
System info: host: 'Jamalpashas-Air.lan1', ip: '2603:8080:c80a:d136:0:0:0:89c%en0', os.name: 'Mac OS X', os.arch: 'x86_64', os.version: '10.14.6', java.version: '1.8.0_202'
Driver info: driver.version: ChromeDriver
remote stacktrace: 0   chromedriver 2                      0x000000010c4cab59 chromedriver 2 + 2595673
1   chromedriver 2                      0x000000010cb7eb33 chromedriver 2 + 9624371
2   chromedriver 2                      0x000000010c27a773 chromedriver 2 + 169843
3   chromedriver 2                      0x000000010c299c75 chromedriver 2 + 298101
4   chromedriver 2                      0x000000010c298032 chromedriver 2 + 290866
5   chromedriver 2                      0x000000010c2cb234 chromedriver 2 + 500276
6   chromedriver 2                      0x000000010c2c64f3 chromedriver 2 + 480499
7   chromedriver 2                      0x000000010c2a0cd6 chromedriver 2 + 326870
8   chromedriver 2                      0x000000010c2a1ba7 chromedriver 2 + 330663
9   chromedriver 2                      0x000000010c498b09 chromedriver 2 + 2390793
10  chromedriver 2                      0x000000010c4a5bcc chromedriver 2 + 2444236
11  chromedriver 2                      0x000000010c4a56ee chromedriver 2 + 2442990
12  chromedriver 2                      0x000000010c47f832 chromedriver 2 + 2287666
13  chromedriver 2                      0x000000010c4a663f chromedriver 2 + 2446911
14  chromedriver 2                      0x000000010c48e299 chromedriver 2 + 2347673
15  chromedriver 2                      0x000000010c4bd8b9 chromedriver 2 + 2541753
16  chromedriver 2                      0x000000010c4d0008 chromedriver 2 + 2617352
17  libsystem_pthread.dylib             0x00007fff798382eb _pthread_body + 126
18  libsystem_pthread.dylib             0x00007fff7983b249 _pthread_start + 66
19  libsystem_pthread.dylib             0x00007fff7983740d thread_start + 13
]]>
            </message>
            <full-stacktrace>
              <![CDATA[org.openqa.selenium.WebDriverException: unknown error: cannot find Chrome binary
Build info: version: '3.14.0', revision: 'aacccce0', time: '2018-08-02T20:19:58.91Z'
System info: host: 'Jamalpashas-Air.lan1', ip: '2603:8080:c80a:d136:0:0:0:89c%en0', os.name: 'Mac OS X', os.arch: 'x86_64', os.version: '10.14.6', java.version: '1.8.0_202'
Driver info: driver.version: ChromeDriver
remote stacktrace: 0   chromedriver 2                      0x000000010c4cab59 chromedriver 2 + 2595673
1   chromedriver 2                      0x000000010cb7eb33 chromedriver 2 + 9624371
2   chromedriver 2                      0x000000010c27a773 chromedriver 2 + 169843
3   chromedriver 2                      0x000000010c299c75 chromedriver 2 + 298101
4   chromedriver 2                      0x000000010c298032 chromedriver 2 + 290866
5   chromedriver 2                      0x000000010c2cb234 chromedriver 2 + 500276
6   chromedriver 2                      0x000000010c2c64f3 chromedriver 2 + 480499
7   chromedriver 2                      0x000000010c2a0cd6 chromedriver 2 + 326870
8   chromedriver 2                      0x000000010c2a1ba7 chromedriver 2 + 330663
9   chromedriver 2                      0x000000010c498b09 chromedriver 2 + 2390793
10  chromedriver 2                      0x000000010c4a5bcc chromedriver 2 + 2444236
11  chromedriver 2                      0x000000010c4a56ee chromedriver 2 + 2442990
12  chromedriver 2                      0x000000010c47f832 chromedriver 2 + 2287666
13  chromedriver 2                      0x000000010c4a663f chromedriver 2 + 2446911
14  chromedriver 2                      0x000000010c48e299 chromedriver 2 + 2347673
15  chromedriver 2                      0x000000010c4bd8b9 chromedriver 2 + 2541753
16  chromedriver 2                      0x000000010c4d0008 chromedriver 2 + 2617352
17  libsystem_pthread.dylib             0x00007fff798382eb _pthread_body + 126
18  libsystem_pthread.dylib             0x00007fff7983b249 _pthread_start + 66
19  libsystem_pthread.dylib             0x00007fff7983740d thread_start + 13

	at sun.reflect.NativeConstructorAccessorImpl.newInstance0(Native Method)
	at sun.reflect.NativeConstructorAccessorImpl.newInstance(NativeConstructorAccessorImpl.java:62)
	at sun.reflect.DelegatingConstructorAccessorImpl.newInstance(DelegatingConstructorAccessorImpl.java:45)
	at java.lang.reflect.Constructor.newInstance(Constructor.java:423)
	at org.openqa.selenium.remote.W3CHandshakeResponse.lambda$new$0(W3CHandshakeResponse.java:57)
	at org.openqa.selenium.remote.W3CHandshakeResponse.lambda$getResponseFunction$2(W3CHandshakeResponse.java:104)
	at org.openqa.selenium.remote.ProtocolHandshake.lambda$createSession$0(ProtocolHandshake.java:122)
	at java.util.stream.ReferencePipeline$3$1.accept(ReferencePipeline.java:193)
	at java.util.Spliterators$ArraySpliterator.tryAdvance(Spliterators.java:958)
	at java.util.stream.ReferencePipeline.forEachWithCancel(ReferencePipeline.java:126)
	at java.util.stream.AbstractPipeline.copyIntoWithCancel(AbstractPipeline.java:498)
	at java.util.stream.AbstractPipeline.copyInto(AbstractPipeline.java:485)
	at java.util.stream.AbstractPipeline.wrapAndCopyInto(AbstractPipeline.java:471)
	at java.util.stream.FindOps$FindOp.evaluateSequential(FindOps.java:152)
	at java.util.stream.AbstractPipeline.evaluate(AbstractPipeline.java:234)
	at java.util.stream.ReferencePipeline.findFirst(ReferencePipeline.java:464)
	at org.openqa.selenium.remote.ProtocolHandshake.createSession(ProtocolHandshake.java:125)
	at org.openqa.selenium.remote.ProtocolHandshake.createSession(ProtocolHandshake.java:73)
	at org.openqa.selenium.remote.HttpCommandExecutor.execute(HttpCommandExecutor.java:136)
	at org.openqa.selenium.remote.service.DriverCommandExecutor.execute(DriverCommandExecutor.java:83)
	at org.openqa.selenium.remote.RemoteWebDriver.execute(RemoteWebDriver.java:548)
	at org.openqa.selenium.remote.RemoteWebDriver.startSession(RemoteWebDriver.java:212)
	at org.openqa.selenium.remote.RemoteWebDriver.<init>(RemoteWebDriver.java:130)
	at org.openqa.selenium.chrome.ChromeDriver.<init>(ChromeDriver.java:181)
	at org.openqa.selenium.chrome.ChromeDriver.<init>(ChromeDriver.java:168)
	at org.openqa.selenium.chrome.ChromeDriver.<init>(ChromeDriver.java:123)
	at CricInfo.CricInfo.Testbase.initialization(Testbase.java:19)
	at CricInfo.CricInfo.HomePageTest.setup(HomePageTest.java:12)
	at sun.reflect.NativeMethodAccessorImpl.invoke0(Native Method)
	at sun.reflect.NativeMethodAccessorImpl.invoke(NativeMethodAccessorImpl.java:62)
	at sun.reflect.DelegatingMethodAccessorImpl.invoke(DelegatingMethodAccessorImpl.java:43)
	at java.lang.reflect.Method.invoke(Method.java:498)
	at org.testng.internal.MethodInvocationHelper.invokeMethod(MethodInvocationHelper.java:108)
	at org.testng.internal.Invoker.invokeConfigurationMethod(Invoker.java:523)
	at org.testng.internal.Invoker.invokeConfigurations(Invoker.java:224)
	at org.testng.internal.Invoker.invokeMethod(Invoker.java:599)
	at org.testng.internal.Invoker.invokeTestMethod(Invoker.java:869)
	at org.testng.internal.Invoker.invokeTestMethods(Invoker.java:1193)
	at org.testng.internal.TestMethodWorker.invokeTestMethods(TestMethodWorker.java:126)
	at org.testng.internal.TestMethodWorker.run(TestMethodWorker.java:109)
	at org.testng.TestRunner.privateRun(TestRunner.java:744)
	at org.testng.TestRunner.run(TestRunner.java:602)
	at org.testng.SuiteRunner.runTest(SuiteRunner.java:380)
	at org.testng.SuiteRunner.runSequentially(SuiteRunner.java:375)
	at org.testng.SuiteRunner.privateRun(SuiteRunner.java:340)
	at org.testng.SuiteRunner.run(SuiteRunner.java:289)
	at org.testng.SuiteRunnerWorker.runSuite(SuiteRunnerWorker.java:52)
	at org.testng.SuiteRunnerWorker.run(SuiteRunnerWorker.java:86)
	at org.testng.TestNG.runSuitesSequentially(TestNG.java:1301)
	at org.testng.TestNG.runSuitesLocally(TestNG.java:1226)
	at org.testng.TestNG.runSuites(TestNG.java:1144)
	at org.testng.TestNG.run(TestNG.java:1115)
	at org.testng.remote.AbstractRemoteTestNG.run(AbstractRemoteTestNG.java:115)
	at org.testng.remote.RemoteTestNG.initAndRun(RemoteTestNG.java:251)
	at org.testng.remote.RemoteTestNG.main(RemoteTestNG.java:77)
]]>
            </full-stacktrace>
          </exception> <!-- org.openqa.selenium.WebDriverException -->
          <reporter-output>
          </reporter-output>
        </test-method> <!-- setup -->
        <test-method status="SKIP" signature="cricinfo()[pri:0, instance:CricInfo.CricInfo.HomePageTest@20e2cbe0]" name="cricinfo" duration-ms="1" started-at="2021-02-18T19:45:24Z" finished-at="2021-02-18T19:45:24Z">
          <exception class="org.openqa.selenium.WebDriverException">
            <message>
              <![CDATA[unknown error: cannot find Chrome binary
Build info: version: '3.14.0', revision: 'aacccce0', time: '2018-08-02T20:19:58.91Z'
System info: host: 'Jamalpashas-Air.lan1', ip: '2603:8080:c80a:d136:0:0:0:89c%en0', os.name: 'Mac OS X', os.arch: 'x86_64', os.version: '10.14.6', java.version: '1.8.0_202'
Driver info: driver.version: ChromeDriver
remote stacktrace: 0   chromedriver 2                      0x000000010c4cab59 chromedriver 2 + 2595673
1   chromedriver 2                      0x000000010cb7eb33 chromedriver 2 + 9624371
2   chromedriver 2                      0x000000010c27a773 chromedriver 2 + 169843
3   chromedriver 2                      0x000000010c299c75 chromedriver 2 + 298101
4   chromedriver 2                      0x000000010c298032 chromedriver 2 + 290866
5   chromedriver 2                      0x000000010c2cb234 chromedriver 2 + 500276
6   chromedriver 2                      0x000000010c2c64f3 chromedriver 2 + 480499
7   chromedriver 2                      0x000000010c2a0cd6 chromedriver 2 + 326870
8   chromedriver 2                      0x000000010c2a1ba7 chromedriver 2 + 330663
9   chromedriver 2                      0x000000010c498b09 chromedriver 2 + 2390793
10  chromedriver 2                      0x000000010c4a5bcc chromedriver 2 + 2444236
11  chromedriver 2                      0x000000010c4a56ee chromedriver 2 + 2442990
12  chromedriver 2                      0x000000010c47f832 chromedriver 2 + 2287666
13  chromedriver 2                      0x000000010c4a663f chromedriver 2 + 2446911
14  chromedriver 2                      0x000000010c48e299 chromedriver 2 + 2347673
15  chromedriver 2                      0x000000010c4bd8b9 chromedriver 2 + 2541753
16  chromedriver 2                      0x000000010c4d0008 chromedriver 2 + 2617352
17  libsystem_pthread.dylib             0x00007fff798382eb _pthread_body + 126
18  libsystem_pthread.dylib             0x00007fff7983b249 _pthread_start + 66
19  libsystem_pthread.dylib             0x00007fff7983740d thread_start + 13
]]>
            </message>
            <full-stacktrace>
              <![CDATA[org.openqa.selenium.WebDriverException: unknown error: cannot find Chrome binary
Build info: version: '3.14.0', revision: 'aacccce0', time: '2018-08-02T20:19:58.91Z'
System info: host: 'Jamalpashas-Air.lan1', ip: '2603:8080:c80a:d136:0:0:0:89c%en0', os.name: 'Mac OS X', os.arch: 'x86_64', os.version: '10.14.6', java.version: '1.8.0_202'
Driver info: driver.version: ChromeDriver
remote stacktrace: 0   chromedriver 2                      0x000000010c4cab59 chromedriver 2 + 2595673
1   chromedriver 2                      0x000000010cb7eb33 chromedriver 2 + 9624371
2   chromedriver 2                      0x000000010c27a773 chromedriver 2 + 169843
3   chromedriver 2                      0x000000010c299c75 chromedriver 2 + 298101
4   chromedriver 2                      0x000000010c298032 chromedriver 2 + 290866
5   chromedriver 2                      0x000000010c2cb234 chromedriver 2 + 500276
6   chromedriver 2                      0x000000010c2c64f3 chromedriver 2 + 480499
7   chromedriver 2                      0x000000010c2a0cd6 chromedriver 2 + 326870
8   chromedriver 2                      0x000000010c2a1ba7 chromedriver 2 + 330663
9   chromedriver 2                      0x000000010c498b09 chromedriver 2 + 2390793
10  chromedriver 2                      0x000000010c4a5bcc chromedriver 2 + 2444236
11  chromedriver 2                      0x000000010c4a56ee chromedriver 2 + 2442990
12  chromedriver 2                      0x000000010c47f832 chromedriver 2 + 2287666
13  chromedriver 2                      0x000000010c4a663f chromedriver 2 + 2446911
14  chromedriver 2                      0x000000010c48e299 chromedriver 2 + 2347673
15  chromedriver 2                      0x000000010c4bd8b9 chromedriver 2 + 2541753
16  chromedriver 2                      0x000000010c4d0008 chromedriver 2 + 2617352
17  libsystem_pthread.dylib             0x00007fff798382eb _pthread_body + 126
18  libsystem_pthread.dylib             0x00007fff7983b249 _pthread_start + 66
19  libsystem_pthread.dylib             0x00007fff7983740d thread_start + 13

	at sun.reflect.NativeConstructorAccessorImpl.newInstance0(Native Method)
	at sun.reflect.NativeConstructorAccessorImpl.newInstance(NativeConstructorAccessorImpl.java:62)
	at sun.reflect.DelegatingConstructorAccessorImpl.newInstance(DelegatingConstructorAccessorImpl.java:45)
	at java.lang.reflect.Constructor.newInstance(Constructor.java:423)
	at org.openqa.selenium.remote.W3CHandshakeResponse.lambda$new$0(W3CHandshakeResponse.java:57)
	at org.openqa.selenium.remote.W3CHandshakeResponse.lambda$getResponseFunction$2(W3CHandshakeResponse.java:104)
	at org.openqa.selenium.remote.ProtocolHandshake.lambda$createSession$0(ProtocolHandshake.java:122)
	at java.util.stream.ReferencePipeline$3$1.accept(ReferencePipeline.java:193)
	at java.util.Spliterators$ArraySpliterator.tryAdvance(Spliterators.java:958)
	at java.util.stream.ReferencePipeline.forEachWithCancel(ReferencePipeline.java:126)
	at java.util.stream.AbstractPipeline.copyIntoWithCancel(AbstractPipeline.java:498)
	at java.util.stream.AbstractPipeline.copyInto(AbstractPipeline.java:485)
	at java.util.stream.AbstractPipeline.wrapAndCopyInto(AbstractPipeline.java:471)
	at java.util.stream.FindOps$FindOp.evaluateSequential(FindOps.java:152)
	at java.util.stream.AbstractPipeline.evaluate(AbstractPipeline.java:234)
	at java.util.stream.ReferencePipeline.findFirst(ReferencePipeline.java:464)
	at org.openqa.selenium.remote.ProtocolHandshake.createSession(ProtocolHandshake.java:125)
	at org.openqa.selenium.remote.ProtocolHandshake.createSession(ProtocolHandshake.java:73)
	at org.openqa.selenium.remote.HttpCommandExecutor.execute(HttpCommandExecutor.java:136)
	at org.openqa.selenium.remote.service.DriverCommandExecutor.execute(DriverCommandExecutor.java:83)
	at org.openqa.selenium.remote.RemoteWebDriver.execute(RemoteWebDriver.java:548)
	at org.openqa.selenium.remote.RemoteWebDriver.startSession(RemoteWebDriver.java:212)
	at org.openqa.selenium.remote.RemoteWebDriver.<init>(RemoteWebDriver.java:130)
	at org.openqa.selenium.chrome.ChromeDriver.<init>(ChromeDriver.java:181)
	at org.openqa.selenium.chrome.ChromeDriver.<init>(ChromeDriver.java:168)
	at org.openqa.selenium.chrome.ChromeDriver.<init>(ChromeDriver.java:123)
	at CricInfo.CricInfo.Testbase.initialization(Testbase.java:19)
	at CricInfo.CricInfo.HomePageTest.setup(HomePageTest.java:12)
	at sun.reflect.NativeMethodAccessorImpl.invoke0(Native Method)
	at sun.reflect.NativeMethodAccessorImpl.invoke(NativeMethodAccessorImpl.java:62)
	at sun.reflect.DelegatingMethodAccessorImpl.invoke(DelegatingMethodAccessorImpl.java:43)
	at java.lang.reflect.Method.invoke(Method.java:498)
	at org.testng.internal.MethodInvocationHelper.invokeMethod(MethodInvocationHelper.java:108)
	at org.testng.internal.Invoker.invokeConfigurationMethod(Invoker.java:523)
	at org.testng.internal.Invoker.invokeConfigurations(Invoker.java:224)
	at org.testng.internal.Invoker.invokeMethod(Invoker.java:599)
	at org.testng.internal.Invoker.invokeTestMethod(Invoker.java:869)
	at org.testng.internal.Invoker.invokeTestMethods(Invoker.java:1193)
	at org.testng.internal.TestMethodWorker.invokeTestMethods(TestMethodWorker.java:126)
	at org.testng.internal.TestMethodWorker.run(TestMethodWorker.java:109)
	at org.testng.TestRunner.privateRun(TestRunner.java:744)
	at org.testng.TestRunner.run(TestRunner.java:602)
	at org.testng.SuiteRunner.runTest(SuiteRunner.java:380)
	at org.testng.SuiteRunner.runSequentially(SuiteRunner.java:375)
	at org.testng.SuiteRunner.privateRun(SuiteRunner.java:340)
	at org.testng.SuiteRunner.run(SuiteRunner.java:289)
	at org.testng.SuiteRunnerWorker.runSuite(SuiteRunnerWorker.java:52)
	at org.testng.SuiteRunnerWorker.run(SuiteRunnerWorker.java:86)
	at org.testng.TestNG.runSuitesSequentially(TestNG.java:1301)
	at org.testng.TestNG.runSuitesLocally(TestNG.java:1226)
	at org.testng.TestNG.runSuites(TestNG.java:1144)
	at org.testng.TestNG.run(TestNG.java:1115)
	at org.testng.remote.AbstractRemoteTestNG.run(AbstractRemoteTestNG.java:115)
	at org.testng.remote.RemoteTestNG.initAndRun(RemoteTestNG.java:251)
	at org.testng.remote.RemoteTestNG.main(RemoteTestNG.java:77)
]]>
            </full-stacktrace>
          </exception> <!-- org.openqa.selenium.WebDriverException -->
          <reporter-output>
          </reporter-output>
        </test-method> <!-- cricinfo -->
      </class> <!-- CricInfo.CricInfo.HomePageTest -->
    </test> <!-- Default test -->
  </suite> <!-- Default suite -->
</testng-results>
